<?xml version="1.0" encoding="UTF-8"?>
<!-- Generated by org.testng.reporters.JUnitXMLReporter -->
<testsuite hostname="RakeshPC" ignored="0" name="Default test" tests="3" failures="0" timestamp="18 Jun 2019 06:03:26 GMT" time="0.14" errors="0">
  <testcase name="anotherTest" time="0.024" classname="Rakesh.Test.TestNGBasic"/>
  <testcase name="googleTitleText" time="0.004" classname="Rakesh.Test.TestNGBasic"/>
  <testcase name="searchTest" time="0.004" classname="Rakesh.Test.TestNGBasic"/>
</testsuite> <!-- Default test -->
